<?xml version="1.0" encoding="UTF-8"?>
<testsuite xmlns:xsi="http://www.w3.org/2001/XMLSchema-instance" xsi:noNamespaceSchemaLocation="https://maven.apache.org/surefire/maven-surefire-plugin/xsd/surefire-test-report.xsd" version="3.0.2" name="crud.springboot.controller.EmployeeControllerTest" time="5.445" tests="29" errors="0" skipped="0" failures="0">
  <properties>
[...]
</properties>
  <testcase name="testSaveEmployee" classname="crud.springboot.controller.EmployeeControllerTest" time="4.984"/>
  <testcase name="testDeleteEmployee" classname="crud.springboot.controller.EmployeeControllerTest" time="0.013"/>
  <testcase name="testFindPaginated_AscendingSortReversesToDesc" classname="crud.springboot.controller.EmployeeControllerTest" time="0.049"/>
  <testcase name="testFindPaginated_VerifyAllModelAttributes" classname="crud.springboot.controller.EmployeeControllerTest" time="0.016"/>
  <testcase name="testFindPaginated_EmptyPage" classname="crud.springboot.controller.EmployeeControllerTest" time="0.012"/>
  <testcase name="testShowNewEmployeeForm" classname="crud.springboot.controller.EmployeeControllerTest" time="0.01"/>
  <testcase name="testDeleteEmployee_MultipleDeletes" classname="crud.springboot.controller.EmployeeControllerTest" time="0.01"/>
  <testcase name="testFindPaginated" classname="crud.springboot.controller.EmployeeControllerTest" time="0.01"/>
  <testcase name="testDeleteEmployee_RedirectsToHome" classname="crud.springboot.controller.EmployeeControllerTest" time="0.016"/>
  <testcase name="testShowNewEmployeeForm_ReturnsCorrectView" classname="crud.springboot.controller.EmployeeControllerTest" time="0.012"/>
  <testcase name="testFindPaginated_VerifyListEmployeesContent" classname="crud.springboot.controller.EmployeeControllerTest" time="0.012"/>
  <testcase name="testFindPaginated_DescendingSortReversesToAsc" classname="crud.springboot.controller.EmployeeControllerTest" time="0.008"/>
  <testcase name="testShowNewEmployeeForm_VerifyModelAttribute" classname="crud.springboot.controller.EmployeeControllerTest" time="0.007"/>
  <testcase name="testFindPaginated_VerifyPageSize" classname="crud.springboot.controller.EmployeeControllerTest" time="0.009"/>
  <testcase name="testShowFormForUpdate_VerifyModelAttribute" classname="crud.springboot.controller.EmployeeControllerTest" time="0.012"/>
  <testcase name="testSaveEmployee_RedirectsToHome" classname="crud.springboot.controller.EmployeeControllerTest" time="0.005"/>
  <testcase name="testFindPaginated_DifferentPages" classname="crud.springboot.controller.EmployeeControllerTest" time="0.01"/>
  <testcase name="testShowFormForUpdate" classname="crud.springboot.controller.EmployeeControllerTest" time="0.011"/>
  <testcase name="testDeleteEmployee_VerifyServiceCall" classname="crud.springboot.controller.EmployeeControllerTest" time="0.008"/>
  <testcase name="testSaveEmployee_VerifyServiceCall" classname="crud.springboot.controller.EmployeeControllerTest" time="0.008"/>
  <testcase name="testViewHomePage" classname="crud.springboot.controller.EmployeeControllerTest" time="0.011"/>
  <testcase name="testFindPaginatedWithDescendingSort" classname="crud.springboot.controller.EmployeeControllerTest" time="0.008"/>
  <testcase name="testViewHomePage_ReturnsIndexView" classname="crud.springboot.controller.EmployeeControllerTest" time="0.006"/>
  <testcase name="testSaveEmployee_WithDifferentEmployees" classname="crud.springboot.controller.EmployeeControllerTest" time="0.006"/>
  <testcase name="testViewHomePage_VerifyDefaultParameters" classname="crud.springboot.controller.EmployeeControllerTest" time="0.01"/>
  <testcase name="testShowFormForUpdate_VerifyServiceCall" classname="crud.springboot.controller.EmployeeControllerTest" time="0.007"/>
  <testcase name="testShowFormForUpdate_DifferentEmployeeIds" classname="crud.springboot.controller.EmployeeControllerTest" time="0.006"/>
  <testcase name="testFindPaginated_ReturnsIndexView" classname="crud.springboot.controller.EmployeeControllerTest" time="0.008"/>
  <testcase name="testShowFormForUpdate_ReturnsCorrectView" classname="crud.springboot.controller.EmployeeControllerTest" time="0.007"/>
</testsuite>